[2025-04-22T14:39:47.721+0000] {manager.py:470} INFO - Processing files using up to 2 processes at a time 
[2025-04-22T14:39:47.722+0000] {manager.py:471} INFO - Process each file at most once every 30 seconds
[2025-04-22T14:39:47.722+0000] {manager.py:472} INFO - Checking for new files in /opt/airflow/dags every 300 seconds
[2025-04-22T14:39:47.722+0000] {manager.py:737} INFO - Searching for files in /opt/airflow/dags
[2025-04-22T14:39:47.724+0000] {manager.py:740} INFO - There are 0 files in /opt/airflow/dags
[2025-04-22T14:40:58.382+0000] {manager.py:452} INFO - Exiting gracefully upon receiving signal 15
[2025-04-22T14:42:25.108+0000] {manager.py:470} INFO - Processing files using up to 2 processes at a time 
[2025-04-22T14:42:25.109+0000] {manager.py:471} INFO - Process each file at most once every 30 seconds
[2025-04-22T14:42:25.109+0000] {manager.py:472} INFO - Checking for new files in /opt/airflow/dags every 300 seconds
[2025-04-22T14:42:25.109+0000] {manager.py:737} INFO - Searching for files in /opt/airflow/dags
[2025-04-22T14:42:25.110+0000] {manager.py:740} INFO - There are 0 files in /opt/airflow/dags
[2025-04-22T14:43:02.747+0000] {manager.py:452} INFO - Exiting gracefully upon receiving signal 15
[2025-04-22T14:56:59.113+0000] {manager.py:470} INFO - Processing files using up to 2 processes at a time 
[2025-04-22T14:56:59.113+0000] {manager.py:471} INFO - Process each file at most once every 30 seconds
[2025-04-22T14:56:59.114+0000] {manager.py:472} INFO - Checking for new files in /opt/airflow/dags every 300 seconds
[2025-04-22T14:56:59.114+0000] {manager.py:737} INFO - Searching for files in /opt/airflow/dags
[2025-04-22T14:56:59.114+0000] {manager.py:740} INFO - There are 0 files in /opt/airflow/dags
[2025-04-22T14:58:20.620+0000] {manager.py:452} INFO - Exiting gracefully upon receiving signal 15
[2025-04-22T15:02:14.583+0000] {manager.py:470} INFO - Processing files using up to 2 processes at a time 
[2025-04-22T15:02:14.592+0000] {manager.py:471} INFO - Process each file at most once every 30 seconds
[2025-04-22T15:02:14.592+0000] {manager.py:472} INFO - Checking for new files in /opt/airflow/dags every 300 seconds
[2025-04-22T15:02:14.592+0000] {manager.py:737} INFO - Searching for files in /opt/airflow/dags
[2025-04-22T15:02:14.593+0000] {manager.py:740} INFO - There are 0 files in /opt/airflow/dags
[2025-04-22T15:07:15.580+0000] {manager.py:737} INFO - Searching for files in /opt/airflow/dags
[2025-04-22T15:07:15.580+0000] {manager.py:740} INFO - There are 0 files in /opt/airflow/dags
[2025-04-22T15:12:15.973+0000] {manager.py:737} INFO - Searching for files in /opt/airflow/dags
[2025-04-22T15:12:15.973+0000] {manager.py:740} INFO - There are 0 files in /opt/airflow/dags
[2025-04-22T15:17:16.501+0000] {manager.py:737} INFO - Searching for files in /opt/airflow/dags
[2025-04-22T15:17:16.503+0000] {manager.py:740} INFO - There are 0 files in /opt/airflow/dags
[2025-04-22T15:22:16.927+0000] {manager.py:737} INFO - Searching for files in /opt/airflow/dags
[2025-04-22T15:22:16.928+0000] {manager.py:740} INFO - There are 0 files in /opt/airflow/dags
[2025-04-22T15:27:17.001+0000] {manager.py:737} INFO - Searching for files in /opt/airflow/dags
[2025-04-22T15:27:17.001+0000] {manager.py:740} INFO - There are 0 files in /opt/airflow/dags
